<?xml version="1.0" encoding="UTF-8" ?>
<testsuites name="vitest tests" tests="83" failures="0" errors="0" time="7.344539125">
    <testsuite name="tests/injection.test.ts" timestamp="2026-07-09T20:59:05.115Z" hostname="Ghaisans-MacBook-Pro.local" tests="1" failures="0" errors="0" skipped="0" time="0.625658833">
        <testcase classname="tests/injection.test.ts" name="fixture injeksi (AC-SEC-03) &gt; payload XSS pada nama dan SQLi pada alamat tersimpan sebagai data inert" time="0.349408917">
        </testcase>
    </testsuite>
    <testsuite name="app/api/routes.test.ts" timestamp="2026-07-09T20:59:05.116Z" hostname="Ghaisans-MacBook-Pro.local" tests="82" failures="0" errors="0" skipped="0" time="6.718880292">
        <testcase classname="app/api/routes.test.ts" name="role guard matrix (AC-SEC-01/02, AC-SUBJ-03) &gt; member/summary: tanpa sesi -&gt; 401 UNAUTHORIZED" time="0.004120875">
        </testcase>
        <testcase classname="app/api/routes.test.ts" name="role guard matrix (AC-SEC-01/02, AC-SUBJ-03) &gt; member/summary: role anggota -&gt; bukan 401/403" time="0.00640575">
        </testcase>
        <testcase classname="app/api/routes.test.ts" name="role guard matrix (AC-SEC-01/02, AC-SUBJ-03) &gt; member/summary: role pemerintah -&gt; 403 FORBIDDEN" time="0.000986625">
        </testcase>
        <testcase classname="app/api/routes.test.ts" name="role guard matrix (AC-SEC-01/02, AC-SUBJ-03) &gt; member/summary: role pengurus -&gt; 403 FORBIDDEN" time="0.000818958">
        </testcase>
        <testcase classname="app/api/routes.test.ts" name="role guard matrix (AC-SEC-01/02, AC-SUBJ-03) &gt; member/verdict: tanpa sesi -&gt; 401 UNAUTHORIZED" time="0.000385625">
        </testcase>
        <testcase classname="app/api/routes.test.ts" name="role guard matrix (AC-SEC-01/02, AC-SUBJ-03) &gt; member/verdict: role anggota -&gt; bukan 401/403" time="0.001296542">
        </testcase>
        <testcase classname="app/api/routes.test.ts" name="role guard matrix (AC-SEC-01/02, AC-SUBJ-03) &gt; member/verdict: role pemerintah -&gt; 403 FORBIDDEN" time="0.000849625">
        </testcase>
        <testcase classname="app/api/routes.test.ts" name="role guard matrix (AC-SEC-01/02, AC-SUBJ-03) &gt; member/verdict: role pengurus -&gt; 403 FORBIDDEN" time="0.000656708">
        </testcase>
        <testcase classname="app/api/routes.test.ts" name="role guard matrix (AC-SEC-01/02, AC-SUBJ-03) &gt; member/findings: tanpa sesi -&gt; 401 UNAUTHORIZED" time="0.000365375">
        </testcase>
        <testcase classname="app/api/routes.test.ts" name="role guard matrix (AC-SEC-01/02, AC-SUBJ-03) &gt; member/findings: role anggota -&gt; bukan 401/403" time="0.008591541">
        </testcase>
        <testcase classname="app/api/routes.test.ts" name="role guard matrix (AC-SEC-01/02, AC-SUBJ-03) &gt; member/findings: role pemerintah -&gt; 403 FORBIDDEN" time="0.000642375">
        </testcase>
        <testcase classname="app/api/routes.test.ts" name="role guard matrix (AC-SEC-01/02, AC-SUBJ-03) &gt; member/findings: role pengurus -&gt; 403 FORBIDDEN" time="0.000710916">
        </testcase>
        <testcase classname="app/api/routes.test.ts" name="role guard matrix (AC-SEC-01/02, AC-SUBJ-03) &gt; findings/[id]/rat: tanpa sesi -&gt; 401 UNAUTHORIZED" time="0.000399875">
        </testcase>
        <testcase classname="app/api/routes.test.ts" name="role guard matrix (AC-SEC-01/02, AC-SUBJ-03) &gt; findings/[id]/rat: role anggota -&gt; bukan 401/403" time="0.002590375">
        </testcase>
        <testcase classname="app/api/routes.test.ts" name="role guard matrix (AC-SEC-01/02, AC-SUBJ-03) &gt; findings/[id]/rat: role pemerintah -&gt; 403 FORBIDDEN" time="0.000537375">
        </testcase>
        <testcase classname="app/api/routes.test.ts" name="role guard matrix (AC-SEC-01/02, AC-SUBJ-03) &gt; findings/[id]/rat: role pengurus -&gt; 403 FORBIDDEN" time="0.000524458">
        </testcase>
        <testcase classname="app/api/routes.test.ts" name="role guard matrix (AC-SEC-01/02, AC-SUBJ-03) &gt; member/flow: tanpa sesi -&gt; 401 UNAUTHORIZED" time="0.000316958">
        </testcase>
        <testcase classname="app/api/routes.test.ts" name="role guard matrix (AC-SEC-01/02, AC-SUBJ-03) &gt; member/flow: role anggota -&gt; bukan 401/403" time="0.001366917">
        </testcase>
        <testcase classname="app/api/routes.test.ts" name="role guard matrix (AC-SEC-01/02, AC-SUBJ-03) &gt; member/flow: role pemerintah -&gt; 403 FORBIDDEN" time="0.000523792">
        </testcase>
        <testcase classname="app/api/routes.test.ts" name="role guard matrix (AC-SEC-01/02, AC-SUBJ-03) &gt; member/flow: role pengurus -&gt; 403 FORBIDDEN" time="0.00054975">
        </testcase>
        <testcase classname="app/api/routes.test.ts" name="role guard matrix (AC-SEC-01/02, AC-SUBJ-03) &gt; member/voice: tanpa sesi -&gt; 401 UNAUTHORIZED" time="0.000291625">
        </testcase>
        <testcase classname="app/api/routes.test.ts" name="role guard matrix (AC-SEC-01/02, AC-SUBJ-03) &gt; member/voice: role anggota -&gt; bukan 401/403" time="0.0010175">
        </testcase>
        <testcase classname="app/api/routes.test.ts" name="role guard matrix (AC-SEC-01/02, AC-SUBJ-03) &gt; member/voice: role pemerintah -&gt; 403 FORBIDDEN" time="0.000408334">
        </testcase>
        <testcase classname="app/api/routes.test.ts" name="role guard matrix (AC-SEC-01/02, AC-SUBJ-03) &gt; member/voice: role pengurus -&gt; 403 FORBIDDEN" time="0.000383584">
        </testcase>
        <testcase classname="app/api/routes.test.ts" name="role guard matrix (AC-SEC-01/02, AC-SUBJ-03) &gt; vote: tanpa sesi -&gt; 401 UNAUTHORIZED" time="0.000238375">
        </testcase>
        <testcase classname="app/api/routes.test.ts" name="role guard matrix (AC-SEC-01/02, AC-SUBJ-03) &gt; vote: role anggota -&gt; bukan 401/403" time="0.000857875">
        </testcase>
        <testcase classname="app/api/routes.test.ts" name="role guard matrix (AC-SEC-01/02, AC-SUBJ-03) &gt; vote: role pemerintah -&gt; 403 FORBIDDEN" time="0.000399541">
        </testcase>
        <testcase classname="app/api/routes.test.ts" name="role guard matrix (AC-SEC-01/02, AC-SUBJ-03) &gt; vote: role pengurus -&gt; 403 FORBIDDEN" time="0.000412167">
        </testcase>
        <testcase classname="app/api/routes.test.ts" name="role guard matrix (AC-SEC-01/02, AC-SUBJ-03) &gt; subjek/transaksi: tanpa sesi -&gt; 401 UNAUTHORIZED" time="0.000240167">
        </testcase>
        <testcase classname="app/api/routes.test.ts" name="role guard matrix (AC-SEC-01/02, AC-SUBJ-03) &gt; subjek/transaksi: role anggota -&gt; 403 FORBIDDEN" time="0.000432625">
        </testcase>
        <testcase classname="app/api/routes.test.ts" name="role guard matrix (AC-SEC-01/02, AC-SUBJ-03) &gt; subjek/transaksi: role pemerintah -&gt; 403 FORBIDDEN" time="0.000469084">
        </testcase>
        <testcase classname="app/api/routes.test.ts" name="role guard matrix (AC-SEC-01/02, AC-SUBJ-03) &gt; subjek/transaksi: role pengurus -&gt; bukan 401/403" time="0.000590958">
        </testcase>
        <testcase classname="app/api/routes.test.ts" name="role guard matrix (AC-SEC-01/02, AC-SUBJ-03) &gt; subjek/pinjaman: tanpa sesi -&gt; 401 UNAUTHORIZED" time="0.000197667">
        </testcase>
        <testcase classname="app/api/routes.test.ts" name="role guard matrix (AC-SEC-01/02, AC-SUBJ-03) &gt; subjek/pinjaman: role anggota -&gt; 403 FORBIDDEN" time="0.000404792">
        </testcase>
        <testcase classname="app/api/routes.test.ts" name="role guard matrix (AC-SEC-01/02, AC-SUBJ-03) &gt; subjek/pinjaman: role pemerintah -&gt; 403 FORBIDDEN" time="0.000405333">
        </testcase>
        <testcase classname="app/api/routes.test.ts" name="role guard matrix (AC-SEC-01/02, AC-SUBJ-03) &gt; subjek/pinjaman: role pengurus -&gt; bukan 401/403" time="0.000633083">
        </testcase>
        <testcase classname="app/api/routes.test.ts" name="role guard matrix (AC-SEC-01/02, AC-SUBJ-03) &gt; subjek/rat: tanpa sesi -&gt; 401 UNAUTHORIZED" time="0.000196292">
        </testcase>
        <testcase classname="app/api/routes.test.ts" name="role guard matrix (AC-SEC-01/02, AC-SUBJ-03) &gt; subjek/rat: role anggota -&gt; 403 FORBIDDEN" time="0.000397833">
        </testcase>
        <testcase classname="app/api/routes.test.ts" name="role guard matrix (AC-SEC-01/02, AC-SUBJ-03) &gt; subjek/rat: role pemerintah -&gt; 403 FORBIDDEN" time="0.000382666">
        </testcase>
        <testcase classname="app/api/routes.test.ts" name="role guard matrix (AC-SEC-01/02, AC-SUBJ-03) &gt; subjek/rat: role pengurus -&gt; bukan 401/403" time="0.000557083">
        </testcase>
        <testcase classname="app/api/routes.test.ts" name="role guard matrix (AC-SEC-01/02, AC-SUBJ-03) &gt; subjek/recent: tanpa sesi -&gt; 401 UNAUTHORIZED" time="0.000219084">
        </testcase>
        <testcase classname="app/api/routes.test.ts" name="role guard matrix (AC-SEC-01/02, AC-SUBJ-03) &gt; subjek/recent: role anggota -&gt; 403 FORBIDDEN" time="0.000430959">
        </testcase>
        <testcase classname="app/api/routes.test.ts" name="role guard matrix (AC-SEC-01/02, AC-SUBJ-03) &gt; subjek/recent: role pemerintah -&gt; 403 FORBIDDEN" time="0.000430208">
        </testcase>
        <testcase classname="app/api/routes.test.ts" name="role guard matrix (AC-SEC-01/02, AC-SUBJ-03) &gt; subjek/recent: role pengurus -&gt; bukan 401/403" time="0.001648">
        </testcase>
        <testcase classname="app/api/routes.test.ts" name="role guard matrix (AC-SEC-01/02, AC-SUBJ-03) &gt; gov/overview: tanpa sesi -&gt; 401 UNAUTHORIZED" time="0.000281792">
        </testcase>
        <testcase classname="app/api/routes.test.ts" name="role guard matrix (AC-SEC-01/02, AC-SUBJ-03) &gt; gov/overview: role anggota -&gt; 403 FORBIDDEN" time="0.000469583">
        </testcase>
        <testcase classname="app/api/routes.test.ts" name="role guard matrix (AC-SEC-01/02, AC-SUBJ-03) &gt; gov/overview: role pemerintah -&gt; bukan 401/403" time="0.001335625">
        </testcase>
        <testcase classname="app/api/routes.test.ts" name="role guard matrix (AC-SEC-01/02, AC-SUBJ-03) &gt; gov/overview: role pengurus -&gt; 403 FORBIDDEN" time="0.000469625">
        </testcase>
        <testcase classname="app/api/routes.test.ts" name="role guard matrix (AC-SEC-01/02, AC-SUBJ-03) &gt; gov/koperasi/[id]: tanpa sesi -&gt; 401 UNAUTHORIZED" time="0.000255333">
        </testcase>
        <testcase classname="app/api/routes.test.ts" name="role guard matrix (AC-SEC-01/02, AC-SUBJ-03) &gt; gov/koperasi/[id]: role anggota -&gt; 403 FORBIDDEN" time="0.000529042">
        </testcase>
        <testcase classname="app/api/routes.test.ts" name="role guard matrix (AC-SEC-01/02, AC-SUBJ-03) &gt; gov/koperasi/[id]: role pemerintah -&gt; bukan 401/403" time="0.001258875">
        </testcase>
        <testcase classname="app/api/routes.test.ts" name="role guard matrix (AC-SEC-01/02, AC-SUBJ-03) &gt; gov/koperasi/[id]: role pengurus -&gt; 403 FORBIDDEN" time="0.000605375">
        </testcase>
        <testcase classname="app/api/routes.test.ts" name="role guard matrix (AC-SEC-01/02, AC-SUBJ-03) &gt; gov/audit/run: tanpa sesi -&gt; 401 UNAUTHORIZED" time="0.000203375">
        </testcase>
        <testcase classname="app/api/routes.test.ts" name="role guard matrix (AC-SEC-01/02, AC-SUBJ-03) &gt; gov/audit/run: role anggota -&gt; 403 FORBIDDEN" time="0.000519042">
        </testcase>
        <testcase classname="app/api/routes.test.ts" name="role guard matrix (AC-SEC-01/02, AC-SUBJ-03) &gt; gov/audit/run: role pemerintah -&gt; bukan 401/403" time="0.000474542">
        </testcase>
        <testcase classname="app/api/routes.test.ts" name="role guard matrix (AC-SEC-01/02, AC-SUBJ-03) &gt; gov/audit/run: role pengurus -&gt; 403 FORBIDDEN" time="0.000412584">
        </testcase>
        <testcase classname="app/api/routes.test.ts" name="role guard matrix (AC-SEC-01/02, AC-SUBJ-03) &gt; audit/[id]/status: tanpa sesi -&gt; 401 UNAUTHORIZED" time="0.000207042">
        </testcase>
        <testcase classname="app/api/routes.test.ts" name="role guard matrix (AC-SEC-01/02, AC-SUBJ-03) &gt; audit/[id]/status: role anggota -&gt; 403 FORBIDDEN" time="0.000440583">
        </testcase>
        <testcase classname="app/api/routes.test.ts" name="role guard matrix (AC-SEC-01/02, AC-SUBJ-03) &gt; audit/[id]/status: role pemerintah -&gt; bukan 401/403" time="0.00052225">
        </testcase>
        <testcase classname="app/api/routes.test.ts" name="role guard matrix (AC-SEC-01/02, AC-SUBJ-03) &gt; audit/[id]/status: role pengurus -&gt; 403 FORBIDDEN" time="0.000419375">
        </testcase>
        <testcase classname="app/api/routes.test.ts" name="perilaku endpoint &gt; login benar -&gt; 200 {role, redirectTo} + set-cookie" time="0.342149875">
        </testcase>
        <testcase classname="app/api/routes.test.ts" name="perilaku endpoint &gt; login salah -&gt; 401 tanpa membocorkan detail" time="0.329050208">
        </testcase>
        <testcase classname="app/api/routes.test.ts" name="perilaku endpoint &gt; rate limit: percobaan ke-6 -&gt; 429 (AC-SEC-07)" time="0.584654708">
        </testcase>
        <testcase classname="app/api/routes.test.ts" name="perilaku endpoint &gt; onboarding NIK 15 digit -&gt; VALIDATION onboard.nik.err" time="0.26503075">
        </testcase>
        <testcase classname="app/api/routes.test.ts" name="perilaku endpoint &gt; onboarding NIK 16 digit -&gt; kartu + sesi anggota" time="0.330669583">
        </testcase>
        <testcase classname="app/api/routes.test.ts" name="perilaku endpoint &gt; vote idempoten: setuju -&gt; 10/3, ulang tetap 10/3 (B2)" time="0.267183167">
        </testcase>
        <testcase classname="app/api/routes.test.ts" name="perilaku endpoint &gt; rat idempoten: agregat 12 -&gt; 13, ulang tetap 13 (B1)" time="0.265366">
        </testcase>
        <testcase classname="app/api/routes.test.ts" name="perilaku endpoint &gt; flow Juni: kategori kanonik + total dari DB nyata" time="0.265879458">
        </testcase>
        <testcase classname="app/api/routes.test.ts" name="perilaku endpoint &gt; subjek transaksi mengubah saldoKas sesuai arah" time="0.272826">
        </testcase>
        <testcase classname="app/api/routes.test.ts" name="perilaku endpoint &gt; subjek transaksi pembelian tanpa vendor -&gt; VALIDATION" time="0.266945125">
        </testcase>
        <testcase classname="app/api/routes.test.ts" name="perilaku endpoint &gt; member/verdict: merah + jumlahTemuan seed" time="0.266377625">
        </testcase>
        <testcase classname="app/api/routes.test.ts" name="perilaku endpoint &gt; member/findings: enam temuan, an1 pertama, belum ditambahkan" time="0.265603583">
        </testcase>
        <testcase classname="app/api/routes.test.ts" name="perilaku endpoint &gt; member/voice: agregat terurut + keputusan belum memilih" time="0.264588083">
        </testcase>
        <testcase classname="app/api/routes.test.ts" name="perilaku endpoint &gt; member/summary: uang anggota juri" time="0.263665125">
        </testcase>
        <testcase classname="app/api/routes.test.ts" name="perilaku endpoint &gt; koperasiForAnggota: ang-juri -&gt; kop-sukamaju, tak dikenal -&gt; null" time="0.268026333">
        </testcase>
        <testcase classname="app/api/routes.test.ts" name="perilaku endpoint &gt; gov/overview: KPI seed (12 koperasi, 17 temuan)" time="0.266745084">
        </testcase>
        <testcase classname="app/api/routes.test.ts" name="perilaku endpoint &gt; gov/koperasi/[id]: tren 6 periode + temuan" time="0.267241625">
        </testcase>
        <testcase classname="app/api/routes.test.ts" name="perilaku endpoint &gt; live audit tanpa key -&gt; marker gagal_langsung + status baca cache" time="0.265810083">
        </testcase>
        <testcase classname="app/api/routes.test.ts" name="perilaku endpoint &gt; persistLiveRun -&gt; status selesai membaca run live" time="0.265505083">
        </testcase>
        <testcase classname="app/api/routes.test.ts" name="perilaku endpoint &gt; audit/status id tak dikenal -&gt; berjalan" time="0.265018084">
        </testcase>
        <testcase classname="app/api/routes.test.ts" name="perilaku endpoint &gt; logout -&gt; loggedOut true + hapus cookie" time="0.270841542">
        </testcase>
        <testcase classname="app/api/routes.test.ts" name="perilaku endpoint &gt; subjek pinjaman + rat + recent" time="0.268421833">
        </testcase>
    </testsuite>
</testsuites>
